First iteration statistics:
	archaea: 95401
	bacteria: 1001003
	eukarya: 600072
	organelle: 32325
	prokarya: 14667
	unknown: 31017
Second iteration statistics:
	mitochondrion: 11321
	plastid: 20060
	unknown: 944



Models used:
	Tf-idf:
		/home/clerempuy/miniconda3/envs/tiara-env/lib/python3.8/site-packages/tiara/models/tfidf-models/k6-first-stage
		/home/clerempuy/miniconda3/envs/tiara-env/lib/python3.8/site-packages/tiara/models/tfidf-models/k7-second-stage
	Neural net weights:
		/home/clerempuy/miniconda3/envs/tiara-env/lib/python3.8/site-packages/tiara/models/nnet-models/first_nnet_kmer_6.pkl
		/home/clerempuy/miniconda3/envs/tiara-env/lib/python3.8/site-packages/tiara/models/nnet-models/second_nnet_kmer_7.pkl
	Hyperparameters:
		Stage 0:
			fname: first_nnet_kmer_6.pkl
			k: 6
			hidden_1: 2048
			hidden_2: 1024
			dropout: 0.2
			prob_cutoff: 0.65
			fragment_len: 5000
			dim_out: 5
		Stage 1:
			fname: second_nnet_kmer_7.pkl
			k: 7
			hidden_1: 128
			hidden_2: 64
			dropout: 0.2
			prob_cutoff: 0.65
			fragment_len: 5000
			dim_out: 3
